<?xml version="1.0" encoding="UTF-8"?>
<testng-results skipped="0" failed="1" ignored="0" total="1" passed="0">
  <reporter-output>
  </reporter-output>
  <suite name="Default suite" duration-ms="28719" started-at="2018-06-07T08:21:33Z" finished-at="2018-06-07T08:22:02Z">
    <groups>
    </groups>
    <test name="Default test" duration-ms="28719" started-at="2018-06-07T08:21:33Z" finished-at="2018-06-07T08:22:02Z">
      <class name="SampleWeb.SampleWeb.IndusOS">
        <test-method status="PASS" signature="SetProperty()[pri:0, instance:SampleWeb.SampleWeb.IndusOS@598067a5]" name="SetProperty" is-config="true" duration-ms="18496" started-at="2018-06-07T13:51:33Z" finished-at="2018-06-07T13:51:52Z">
          <reporter-output>
          </reporter-output>
        </test-method> <!-- SetProperty -->
        <test-method status="FAIL" signature="TestAbout()[pri:1, instance:SampleWeb.SampleWeb.IndusOS@598067a5]" name="TestAbout" duration-ms="10163" started-at="2018-06-07T13:51:52Z" finished-at="2018-06-07T13:52:02Z">
          <exception class="org.openqa.selenium.NoSuchElementException">
            <message>
              <![CDATA[Unable to locate element: {"method":"xpath","selector":"//div[@id='reg_form_box']/div[1]/div[1]/div[1]/div/div/input"}Command duration or timeout: 10.07 secondsFor documentation on this error, please visit: http://seleniumhq.org/exceptions/no_such_element.htmlBuild info: version: '2.53.0', revision: '35ae25b1534ae328c771e0856c93e187490ca824', time: '2016-03-15 10:43:46'System info: host: 'Rajesh-IN11', ip: '192.168.2.41', os.name: 'Windows 10', os.arch: 'amd64', os.version: '10.0', java.version: '1.8.0_152'Driver info: org.openqa.selenium.firefox.FirefoxDriverCapabilities [{applicationCacheEnabled=true, rotatable=false, handlesAlerts=true, databaseEnabled=true, version=46.0, platform=WINDOWS, nativeEvents=false, acceptSslCerts=true, webStorageEnabled=true, locationContextEnabled=true, browserName=firefox, takesScreenshot=true, javascriptEnabled=true, cssSelectorsEnabled=true}]Session ID: 20a57299-d553-46ae-9ecd-36e4a582285e*** Element info: {Using=xpath, value=//div[@id='reg_form_box']/div[1]/div[1]/div[1]/div/div/input}]]>
            </message>
            <full-stacktrace>
              <![CDATA[org.openqa.selenium.NoSuchElementException: Unable to locate element: {"method":"xpath","selector":"//div[@id='reg_form_box']/div[1]/div[1]/div[1]/div/div/input"}Command duration or timeout: 10.07 secondsFor documentation on this error, please visit: http://seleniumhq.org/exceptions/no_such_element.htmlBuild info: version: '2.53.0', revision: '35ae25b1534ae328c771e0856c93e187490ca824', time: '2016-03-15 10:43:46'System info: host: 'Rajesh-IN11', ip: '192.168.2.41', os.name: 'Windows 10', os.arch: 'amd64', os.version: '10.0', java.version: '1.8.0_152'Driver info: org.openqa.selenium.firefox.FirefoxDriverCapabilities [{applicationCacheEnabled=true, rotatable=false, handlesAlerts=true, databaseEnabled=true, version=46.0, platform=WINDOWS, nativeEvents=false, acceptSslCerts=true, webStorageEnabled=true, locationContextEnabled=true, browserName=firefox, takesScreenshot=true, javascriptEnabled=true, cssSelectorsEnabled=true}]Session ID: 20a57299-d553-46ae-9ecd-36e4a582285e*** Element info: {Using=xpath, value=//div[@id='reg_form_box']/div[1]/div[1]/div[1]/div/div/input}at sun.reflect.NativeConstructorAccessorImpl.newInstance0(Native Method)at sun.reflect.NativeConstructorAccessorImpl.newInstance(Unknown Source)at sun.reflect.DelegatingConstructorAccessorImpl.newInstance(Unknown Source)at java.lang.reflect.Constructor.newInstance(Unknown Source)at org.openqa.selenium.remote.ErrorHandler.createThrowable(ErrorHandler.java:206)at org.openqa.selenium.remote.ErrorHandler.throwIfResponseFailed(ErrorHandler.java:158)at org.openqa.selenium.remote.RemoteWebDriver.execute(RemoteWebDriver.java:678)at org.openqa.selenium.remote.RemoteWebDriver.findElement(RemoteWebDriver.java:363)at org.openqa.selenium.remote.RemoteWebDriver.findElementByXPath(RemoteWebDriver.java:500)at org.openqa.selenium.By$ByXPath.findElement(By.java:361)at org.openqa.selenium.remote.RemoteWebDriver.findElement(RemoteWebDriver.java:355)at SampleWeb.SampleWeb.IndusOS.TestAbout(IndusOS.java:32)at sun.reflect.NativeMethodAccessorImpl.invoke0(Native Method)at sun.reflect.NativeMethodAccessorImpl.invoke(Unknown Source)at sun.reflect.DelegatingMethodAccessorImpl.invoke(Unknown Source)at java.lang.reflect.Method.invoke(Unknown Source)at org.testng.internal.MethodInvocationHelper.invokeMethod(MethodInvocationHelper.java:124)at org.testng.internal.Invoker.invokeMethod(Invoker.java:571)at org.testng.internal.Invoker.invokeTestMethod(Invoker.java:707)at org.testng.internal.Invoker.invokeTestMethods(Invoker.java:979)at org.testng.internal.TestMethodWorker.invokeTestMethods(TestMethodWorker.java:125)at org.testng.internal.TestMethodWorker.run(TestMethodWorker.java:109)at org.testng.TestRunner.privateRun(TestRunner.java:648)at org.testng.TestRunner.run(TestRunner.java:505)at org.testng.SuiteRunner.runTest(SuiteRunner.java:455)at org.testng.SuiteRunner.runSequentially(SuiteRunner.java:450)at org.testng.SuiteRunner.privateRun(SuiteRunner.java:415)at org.testng.SuiteRunner.run(SuiteRunner.java:364)at org.testng.SuiteRunnerWorker.runSuite(SuiteRunnerWorker.java:52)at org.testng.SuiteRunnerWorker.run(SuiteRunnerWorker.java:84)at org.testng.TestNG.runSuitesSequentially(TestNG.java:1187)at org.testng.TestNG.runSuitesLocally(TestNG.java:1116)at org.testng.TestNG.runSuites(TestNG.java:1028)at org.testng.TestNG.run(TestNG.java:996)at org.testng.remote.AbstractRemoteTestNG.run(AbstractRemoteTestNG.java:114)at org.testng.remote.RemoteTestNG.initAndRun(RemoteTestNG.java:251)at org.testng.remote.RemoteTestNG.main(RemoteTestNG.java:77)Caused by: org.openqa.selenium.NoSuchElementException: Unable to locate element: {"method":"xpath","selector":"//div[@id='reg_form_box']/div[1]/div[1]/div[1]/div/div/input"}For documentation on this error, please visit: http://seleniumhq.org/exceptions/no_such_element.htmlBuild info: version: '2.53.0', revision: '35ae25b1534ae328c771e0856c93e187490ca824', time: '2016-03-15 10:43:46'System info: host: 'Rajesh-IN11', ip: '192.168.2.41', os.name: 'Windows 10', os.arch: 'amd64', os.version: '10.0', java.version: '1.8.0_152'Driver info: driver.version: unknownat <anonymous class>.FirefoxDriver.prototype.findElementInternal_(file:///C:/Users/rajesh/AppData/Local/Temp/anonymous6994360682176150537webdriver-profile/extensions/fxdriver@googlecode.com/components/driver-component.js:10770)at <anonymous class>.fxdriver.Timer.prototype.setTimeout/<.notify(file:///C:/Users/rajesh/AppData/Local/Temp/anonymous6994360682176150537webdriver-profile/extensions/fxdriver@googlecode.com/components/driver-component.js:625)]]>
            </full-stacktrace>
          </exception> <!-- org.openqa.selenium.NoSuchElementException -->
          <reporter-output>
          </reporter-output>
        </test-method> <!-- TestAbout -->
      </class> <!-- SampleWeb.SampleWeb.IndusOS -->
    </test> <!-- Default test -->
  </suite> <!-- Default suite -->
</testng-results>
