<?xml version="1.0" encoding="UTF-8"?>
<!-- Generated by org.testng.reporters.JUnitReportReporter -->
<testsuite hostname="RAJESH-PC" name="com.qatools.com.GenderSelect" tests="5" failures="0" timestamp="29 Aug 2017 06:29:00 GMT" time="1.316" errors="1">
  <testcase name="Enterfname" time="0.611" classname="com.qatools.com.GenderSelect"/>
  <testcase name="Enterlname" time="0.205" classname="com.qatools.com.GenderSelect"/>
  <testcase name="Deselect" time="0.059" classname="com.qatools.com.GenderSelect">
    <error type="java.lang.ClassCastException" message="java.util.ArrayList cannot be cast to org.openqa.selenium.WebElement">
      <![CDATA[java.lang.ClassCastException: java.util.ArrayList cannot be cast to org.openqa.selenium.WebElement
	at com.qatools.com.GenderSelect.Deselect(GenderSelect.java:31)
	at sun.reflect.NativeMethodAccessorImpl.invoke0(Native Method)
	at sun.reflect.NativeMethodAccessorImpl.invoke(Unknown Source)
	at sun.reflect.DelegatingMethodAccessorImpl.invoke(Unknown Source)
	at java.lang.reflect.Method.invoke(Unknown Source)
	at org.testng.internal.MethodInvocationHelper.invokeMethod(MethodInvocationHelper.java:86)
	at org.testng.internal.Invoker.invokeMethod(Invoker.java:646)
	at org.testng.internal.Invoker.invokeTestMethod(Invoker.java:823)
	at org.testng.internal.Invoker.invokeTestMethods(Invoker.java:1131)
	at org.testng.internal.TestMethodWorker.invokeTestMethods(TestMethodWorker.java:129)
	at org.testng.internal.TestMethodWorker.run(TestMethodWorker.java:112)
	at org.testng.TestRunner.privateRun(TestRunner.java:778)
	at org.testng.TestRunner.run(TestRunner.java:632)
	at org.testng.SuiteRunner.runTest(SuiteRunner.java:366)
	at org.testng.SuiteRunner.runSequentially(SuiteRunner.java:361)
	at org.testng.SuiteRunner.privateRun(SuiteRunner.java:319)
	at org.testng.SuiteRunner.run(SuiteRunner.java:268)
	at org.testng.SuiteRunnerWorker.runSuite(SuiteRunnerWorker.java:52)
	at org.testng.SuiteRunnerWorker.run(SuiteRunnerWorker.java:86)
	at org.testng.TestNG.runSuitesSequentially(TestNG.java:1225)
	at org.testng.TestNG.runSuitesLocally(TestNG.java:1150)
	at org.testng.TestNG.runSuites(TestNG.java:1075)
	at org.testng.TestNG.run(TestNG.java:1047)
	at com.qatools.com.ReadExcel.Readfile(ReadExcel.java:53)
	at com.qatools.com.QaToolsDriver.main(QaToolsDriver.java:45)
]]>
    </error>
  </testcase> <!-- Deselect -->
  <testcase name="SelectMale" time="0.266" classname="com.qatools.com.GenderSelect"/>
  <testcase name="SelectFemale" time="0.175" classname="com.qatools.com.GenderSelect"/>
</testsuite> <!-- com.qatools.com.GenderSelect -->
